[debug] [2024-05-29T02:18:56.501Z] ----------------------------------------------------------------------
[debug] [2024-05-29T02:18:56.502Z] Command:       /home/diego/.nvm/versions/node/v16.15.1/bin/node /usr/local/bin/firebase deploy --only hosting
[debug] [2024-05-29T02:18:56.503Z] CLI Version:   11.14.2
[debug] [2024-05-29T02:18:56.503Z] Platform:      linux
[debug] [2024-05-29T02:18:56.503Z] Node Version:  v16.15.1
[debug] [2024-05-29T02:18:56.503Z] Time:          Tue May 28 2024 23:18:56 GMT-0300 (Horário Padrão de Brasília)
[debug] [2024-05-29T02:18:56.504Z] ----------------------------------------------------------------------
[debug] 
[debug] [2024-05-29T02:18:56.559Z] > command requires scopes: ["email","openid","https://www.googleapis.com/auth/cloudplatformprojects.readonly","https://www.googleapis.com/auth/firebase","https://www.googleapis.com/auth/cloud-platform"]
[debug] [2024-05-29T02:18:56.559Z] > authorizing via signed-in user (admin@dbltecnologia.com.br)
[debug] [2024-05-29T02:18:56.559Z] [iam] checking project antoniofilho-ef6a2 for permissions ["firebase.projects.get","firebasehosting.sites.update"]
[debug] [2024-05-29T02:18:56.561Z] >>> [apiv2][query] POST https://cloudresourcemanager.googleapis.com/v1/projects/antoniofilho-ef6a2:testIamPermissions [none]
[debug] [2024-05-29T02:18:56.561Z] >>> [apiv2][(partial)header] POST https://cloudresourcemanager.googleapis.com/v1/projects/antoniofilho-ef6a2:testIamPermissions x-goog-quota-user=projects/antoniofilho-ef6a2
[debug] [2024-05-29T02:18:56.561Z] >>> [apiv2][body] POST https://cloudresourcemanager.googleapis.com/v1/projects/antoniofilho-ef6a2:testIamPermissions {"permissions":["firebase.projects.get","firebasehosting.sites.update"]}
[debug] [2024-05-29T02:18:57.663Z] <<< [apiv2][status] POST https://cloudresourcemanager.googleapis.com/v1/projects/antoniofilho-ef6a2:testIamPermissions 200
[debug] [2024-05-29T02:18:57.663Z] <<< [apiv2][body] POST https://cloudresourcemanager.googleapis.com/v1/projects/antoniofilho-ef6a2:testIamPermissions {"permissions":["firebase.projects.get","firebasehosting.sites.update"]}
[debug] [2024-05-29T02:18:57.666Z] >>> [apiv2][query] GET https://firebase.googleapis.com/v1beta1/projects/antoniofilho-ef6a2 [none]
[debug] [2024-05-29T02:19:27.684Z] Timeout reached making request to https://firebase.googleapis.com/v1beta1/projects/antoniofilho-ef6a2
[debug] [2024-05-29T02:19:27.979Z] FirebaseError: Timeout reached making request to https://firebase.googleapis.com/v1beta1/projects/antoniofilho-ef6a2
    at RetryOperation._fn (/usr/local/lib/node_modules/firebase-tools/lib/apiv2.js:238:35)
    at processTicksAndRejections (node:internal/process/task_queues:96:5)
[error] 
[error] Error: Failed to get Firebase project antoniofilho-ef6a2. Please make sure the project exists and your account has permission to access it.
[debug] [2024-05-29T02:19:32.610Z] ----------------------------------------------------------------------
[debug] [2024-05-29T02:19:32.612Z] Command:       /home/diego/.nvm/versions/node/v16.15.1/bin/node /usr/local/bin/firebase deploy --only hosting
[debug] [2024-05-29T02:19:32.612Z] CLI Version:   11.14.2
[debug] [2024-05-29T02:19:32.612Z] Platform:      linux
[debug] [2024-05-29T02:19:32.612Z] Node Version:  v16.15.1
[debug] [2024-05-29T02:19:32.613Z] Time:          Tue May 28 2024 23:19:32 GMT-0300 (Horário Padrão de Brasília)
[debug] [2024-05-29T02:19:32.613Z] ----------------------------------------------------------------------
[debug] 
[debug] [2024-05-29T02:19:32.669Z] > command requires scopes: ["email","openid","https://www.googleapis.com/auth/cloudplatformprojects.readonly","https://www.googleapis.com/auth/firebase","https://www.googleapis.com/auth/cloud-platform"]
[debug] [2024-05-29T02:19:32.669Z] > authorizing via signed-in user (admin@dbltecnologia.com.br)
[debug] [2024-05-29T02:19:32.669Z] [iam] checking project antoniofilho-ef6a2 for permissions ["firebase.projects.get","firebasehosting.sites.update"]
[debug] [2024-05-29T02:19:32.671Z] >>> [apiv2][query] POST https://cloudresourcemanager.googleapis.com/v1/projects/antoniofilho-ef6a2:testIamPermissions [none]
[debug] [2024-05-29T02:19:32.671Z] >>> [apiv2][(partial)header] POST https://cloudresourcemanager.googleapis.com/v1/projects/antoniofilho-ef6a2:testIamPermissions x-goog-quota-user=projects/antoniofilho-ef6a2
[debug] [2024-05-29T02:19:32.671Z] >>> [apiv2][body] POST https://cloudresourcemanager.googleapis.com/v1/projects/antoniofilho-ef6a2:testIamPermissions {"permissions":["firebase.projects.get","firebasehosting.sites.update"]}
